Performing C SOURCE FILE Test CMAKE_HAVE_LIBC_PTHREAD failed with the following output:
Change Dir: /home/pi/final/dlib-19.24/build/temp.linux-aarch64-3.9/CMakeFiles/CMakeTmp

Run Build Command(s):/usr/bin/gmake cmTC_c1c41/fast && /usr/bin/gmake  -f CMakeFiles/cmTC_c1c41.dir/build.make CMakeFiles/cmTC_c1c41.dir/build
gmake[1]: Entering directory '/home/pi/final/dlib-19.24/build/temp.linux-aarch64-3.9/CMakeFiles/CMakeTmp'
Building C object CMakeFiles/cmTC_c1c41.dir/src.c.o
/usr/bin/cc   -DCMAKE_HAVE_LIBC_PTHREAD -fPIE -o CMakeFiles/cmTC_c1c41.dir/src.c.o -c /home/pi/final/dlib-19.24/build/temp.linux-aarch64-3.9/CMakeFiles/CMakeTmp/src.c
Linking C executable cmTC_c1c41
/usr/bin/cmake -E cmake_link_script CMakeFiles/cmTC_c1c41.dir/link.txt --verbose=1
/usr/bin/cc  -DCMAKE_HAVE_LIBC_PTHREAD -rdynamic CMakeFiles/cmTC_c1c41.dir/src.c.o -o cmTC_c1c41 
/usr/bin/ld: CMakeFiles/cmTC_c1c41.dir/src.c.o: in function `main':
src.c:(.text+0x34): undefined reference to `pthread_create'
/usr/bin/ld: src.c:(.text+0x3c): undefined reference to `pthread_detach'
/usr/bin/ld: src.c:(.text+0x44): undefined reference to `pthread_cancel'
/usr/bin/ld: src.c:(.text+0x50): undefined reference to `pthread_join'
collect2: error: ld returned 1 exit status
gmake[1]: *** [CMakeFiles/cmTC_c1c41.dir/build.make:106: cmTC_c1c41] Error 1
gmake[1]: Leaving directory '/home/pi/final/dlib-19.24/build/temp.linux-aarch64-3.9/CMakeFiles/CMakeTmp'
gmake: *** [Makefile:140: cmTC_c1c41/fast] Error 2


Source file was:
#include <pthread.h>

void* test_func(void* data)
{
  return data;
}

int main(void)
{
  pthread_t thread;
  pthread_create(&thread, NULL, test_func, NULL);
  pthread_detach(thread);
  pthread_cancel(thread);
  pthread_join(thread, NULL);
  pthread_atfork(NULL, NULL, NULL);
  pthread_exit(NULL);

  return 0;
}

Determining if the function pthread_create exists in the pthreads failed with the following output:
Change Dir: /home/pi/final/dlib-19.24/build/temp.linux-aarch64-3.9/CMakeFiles/CMakeTmp

Run Build Command(s):/usr/bin/gmake cmTC_2d9ff/fast && /usr/bin/gmake  -f CMakeFiles/cmTC_2d9ff.dir/build.make CMakeFiles/cmTC_2d9ff.dir/build
gmake[1]: Entering directory '/home/pi/final/dlib-19.24/build/temp.linux-aarch64-3.9/CMakeFiles/CMakeTmp'
Building C object CMakeFiles/cmTC_2d9ff.dir/CheckFunctionExists.c.o
/usr/bin/cc   -DCHECK_FUNCTION_EXISTS=pthread_create -fPIE -o CMakeFiles/cmTC_2d9ff.dir/CheckFunctionExists.c.o -c /usr/share/cmake-3.18/Modules/CheckFunctionExists.c
Linking C executable cmTC_2d9ff
/usr/bin/cmake -E cmake_link_script CMakeFiles/cmTC_2d9ff.dir/link.txt --verbose=1
/usr/bin/cc  -DCHECK_FUNCTION_EXISTS=pthread_create -rdynamic CMakeFiles/cmTC_2d9ff.dir/CheckFunctionExists.c.o -o cmTC_2d9ff  -lpthreads 
/usr/bin/ld: cannot find -lpthreads
collect2: error: ld returned 1 exit status
gmake[1]: *** [CMakeFiles/cmTC_2d9ff.dir/build.make:106: cmTC_2d9ff] Error 1
gmake[1]: Leaving directory '/home/pi/final/dlib-19.24/build/temp.linux-aarch64-3.9/CMakeFiles/CMakeTmp'
gmake: *** [Makefile:140: cmTC_2d9ff/fast] Error 2



Determining if the function cblas_ddot exists failed with the following output:
Change Dir: /home/pi/final/dlib-19.24/build/temp.linux-aarch64-3.9/CMakeFiles/CMakeTmp

Run Build Command(s):/usr/bin/gmake cmTC_e9105/fast && /usr/bin/gmake  -f CMakeFiles/cmTC_e9105.dir/build.make CMakeFiles/cmTC_e9105.dir/build
gmake[1]: Entering directory '/home/pi/final/dlib-19.24/build/temp.linux-aarch64-3.9/CMakeFiles/CMakeTmp'
Building C object CMakeFiles/cmTC_e9105.dir/CheckFunctionExists.c.o
/usr/bin/cc   -DCHECK_FUNCTION_EXISTS=cblas_ddot -fPIE -o CMakeFiles/cmTC_e9105.dir/CheckFunctionExists.c.o -c /usr/share/cmake-3.18/Modules/CheckFunctionExists.c
Linking C executable cmTC_e9105
/usr/bin/cmake -E cmake_link_script CMakeFiles/cmTC_e9105.dir/link.txt --verbose=1
/usr/bin/cc  -DCHECK_FUNCTION_EXISTS=cblas_ddot -rdynamic CMakeFiles/cmTC_e9105.dir/CheckFunctionExists.c.o -o cmTC_e9105 
/usr/bin/ld: CMakeFiles/cmTC_e9105.dir/CheckFunctionExists.c.o: in function `main':
CheckFunctionExists.c:(.text+0x10): undefined reference to `cblas_ddot'
collect2: error: ld returned 1 exit status
gmake[1]: *** [CMakeFiles/cmTC_e9105.dir/build.make:106: cmTC_e9105] Error 1
gmake[1]: Leaving directory '/home/pi/final/dlib-19.24/build/temp.linux-aarch64-3.9/CMakeFiles/CMakeTmp'
gmake: *** [Makefile:140: cmTC_e9105/fast] Error 2



Determining if the function sgesv exists failed with the following output:
Change Dir: /home/pi/final/dlib-19.24/build/temp.linux-aarch64-3.9/CMakeFiles/CMakeTmp

Run Build Command(s):/usr/bin/gmake cmTC_65853/fast && /usr/bin/gmake  -f CMakeFiles/cmTC_65853.dir/build.make CMakeFiles/cmTC_65853.dir/build
gmake[1]: Entering directory '/home/pi/final/dlib-19.24/build/temp.linux-aarch64-3.9/CMakeFiles/CMakeTmp'
Building C object CMakeFiles/cmTC_65853.dir/CheckFunctionExists.c.o
/usr/bin/cc   -DCHECK_FUNCTION_EXISTS=sgesv -fPIE -o CMakeFiles/cmTC_65853.dir/CheckFunctionExists.c.o -c /usr/share/cmake-3.18/Modules/CheckFunctionExists.c
Linking C executable cmTC_65853
/usr/bin/cmake -E cmake_link_script CMakeFiles/cmTC_65853.dir/link.txt --verbose=1
/usr/bin/cc  -DCHECK_FUNCTION_EXISTS=sgesv -rdynamic CMakeFiles/cmTC_65853.dir/CheckFunctionExists.c.o -o cmTC_65853 
/usr/bin/ld: CMakeFiles/cmTC_65853.dir/CheckFunctionExists.c.o: in function `main':
CheckFunctionExists.c:(.text+0x10): undefined reference to `sgesv'
collect2: error: ld returned 1 exit status
gmake[1]: *** [CMakeFiles/cmTC_65853.dir/build.make:106: cmTC_65853] Error 1
gmake[1]: Leaving directory '/home/pi/final/dlib-19.24/build/temp.linux-aarch64-3.9/CMakeFiles/CMakeTmp'
gmake: *** [Makefile:140: cmTC_65853/fast] Error 2



Determining if the function sgesv_ exists failed with the following output:
Change Dir: /home/pi/final/dlib-19.24/build/temp.linux-aarch64-3.9/CMakeFiles/CMakeTmp

Run Build Command(s):/usr/bin/gmake cmTC_4f5de/fast && /usr/bin/gmake  -f CMakeFiles/cmTC_4f5de.dir/build.make CMakeFiles/cmTC_4f5de.dir/build
gmake[1]: Entering directory '/home/pi/final/dlib-19.24/build/temp.linux-aarch64-3.9/CMakeFiles/CMakeTmp'
Building C object CMakeFiles/cmTC_4f5de.dir/CheckFunctionExists.c.o
/usr/bin/cc   -DCHECK_FUNCTION_EXISTS=sgesv_ -fPIE -o CMakeFiles/cmTC_4f5de.dir/CheckFunctionExists.c.o -c /usr/share/cmake-3.18/Modules/CheckFunctionExists.c
Linking C executable cmTC_4f5de
/usr/bin/cmake -E cmake_link_script CMakeFiles/cmTC_4f5de.dir/link.txt --verbose=1
/usr/bin/cc  -DCHECK_FUNCTION_EXISTS=sgesv_ -rdynamic CMakeFiles/cmTC_4f5de.dir/CheckFunctionExists.c.o -o cmTC_4f5de 
/usr/bin/ld: CMakeFiles/cmTC_4f5de.dir/CheckFunctionExists.c.o: in function `main':
CheckFunctionExists.c:(.text+0x10): undefined reference to `sgesv_'
collect2: error: ld returned 1 exit status
gmake[1]: *** [CMakeFiles/cmTC_4f5de.dir/build.make:106: cmTC_4f5de] Error 1
gmake[1]: Leaving directory '/home/pi/final/dlib-19.24/build/temp.linux-aarch64-3.9/CMakeFiles/CMakeTmp'
gmake: *** [Makefile:140: cmTC_4f5de/fast] Error 2



